# JRE version: OpenJDK Runtime Environment Corretto-21.0.5.11.1 (21.0.5+11) (build 21.0.5+11-LTS)
# Java VM: OpenJDK 64-Bit Server VM Corretto-21.0.5.11.1 (21.0.5+11-LTS, mixed mode, sharing, tiered, compressed oops, compressed class ptrs, g1 gc, bsd-amd64)
Heap:
 garbage-first heap   total 262144K, used 89857K [0x00000007e0000000, 0x0000000800000000)
  region size 1024K, 35 young (35840K), 2 survivors (2048K)
 Metaspace       used 62104K, committed 64256K, reserved 393216K
  class space    used 8984K, committed 10048K, reserved 327680K
GC Heap History (20 events):
Event: 0.598 GC heap before
{Heap before GC invocations=0 (full 0):
 garbage-first heap   total 264192K, used 14367K [0x00000007e0000000, 0x0000000800000000)
  region size 1024K, 13 young (13312K), 0 survivors (0K)
 Metaspace       used 978K, committed 1088K, reserved 393216K
  class space    used 79K, committed 128K, reserved 327680K
}
Event: 0.601 GC heap after
{Heap after GC invocations=1 (full 0):
 garbage-first heap   total 264192K, used 2735K [0x00000007e0000000, 0x0000000800000000)
  region size 1024K, 2 young (2048K), 2 survivors (2048K)
 Metaspace       used 978K, committed 1088K, reserved 393216K
  class space    used 79K, committed 128K, reserved 327680K
}
Event: 2.075 GC heap before
{Heap before GC invocations=1 (full 0):
 garbage-first heap   total 264192K, used 32431K [0x00000007e0000000, 0x0000000800000000)
  region size 1024K, 28 young (28672K), 2 survivors (2048K)
 Metaspace       used 4157K, committed 4416K, reserved 393216K
  class space    used 512K, committed 640K, reserved 327680K
}
Event: 2.083 GC heap after
{Heap after GC invocations=2 (full 0):
 garbage-first heap   total 264192K, used 11985K [0x00000007e0000000, 0x0000000800000000)
  region size 1024K, 4 young (4096K), 4 survivors (4096K)
 Metaspace       used 4157K, committed 4416K, reserved 393216K
  class space    used 512K, committed 640K, reserved 327680K
}
Event: 3.404 GC heap before
{Heap before GC invocations=2 (full 0):
 garbage-first heap   total 264192K, used 42705K [0x00000007e0000000, 0x0000000800000000)
  region size 1024K, 33 young (33792K), 4 survivors (4096K)
 Metaspace       used 6875K, committed 7168K, reserved 393216K
  class space    used 906K, committed 1024K, reserved 327680K
}
Event: 3.414 GC heap after
{Heap after GC invocations=3 (full 0):
 garbage-first heap   total 264192K, used 18341K [0x00000007e0000000, 0x0000000800000000)
  region size 1024K, 5 young (5120K), 5 survivors (5120K)
 Metaspace       used 6875K, committed 7168K, reserved 393216K
  class space    used 906K, committed 1024K, reserved 327680K
}
Event: 8.204 GC heap before
{Heap before GC invocations=3 (full 0):
 garbage-first heap   total 264192K, used 102309K [0x00000007e0000000, 0x0000000800000000)
  region size 1024K, 88 young (90112K), 5 survivors (5120K)
 Metaspace       used 20820K, committed 21504K, reserved 393216K
  class space    used 3014K, committed 3392K, reserved 327680K
}
Event: 8.219 GC heap after
{Heap after GC invocations=4 (full 0):
 garbage-first heap   total 264192K, used 24285K [0x00000007e0000000, 0x0000000800000000)
  region size 1024K, 11 young (11264K), 11 survivors (11264K)
 Metaspace       used 20820K, committed 21504K, reserved 393216K
  class space    used 3014K, committed 3392K, reserved 327680K
}
Event: 12.270 GC heap before
{Heap before GC invocations=5 (full 0):
 garbage-first heap   total 262144K, used 132829K [0x00000007e0000000, 0x0000000800000000)
  region size 1024K, 119 young (121856K), 11 survivors (11264K)
 Metaspace       used 34933K, committed 36160K, reserved 393216K
  class space    used 4992K, committed 5632K, reserved 327680K
}
Event: 12.302 GC heap after
{Heap after GC invocations=6 (full 0):
 garbage-first heap   total 262144K, used 32680K [0x00000007e0000000, 0x0000000800000000)
  region size 1024K, 14 young (14336K), 14 survivors (14336K)
 Metaspace       used 34933K, committed 36160K, reserved 393216K
  class space    used 4992K, committed 5632K, reserved 327680K
}
Event: 12.409 GC heap before
{Heap before GC invocations=6 (full 0):
 garbage-first heap   total 262144K, used 35752K [0x00000007e0000000, 0x0000000800000000)
  region size 1024K, 18 young (18432K), 14 survivors (14336K)
 Metaspace       used 35255K, committed 36480K, reserved 393216K
  class space    used 5028K, committed 5632K, reserved 327680K
}
Event: 12.428 GC heap after
{Heap after GC invocations=7 (full 0):
 garbage-first heap   total 262144K, used 32720K [0x00000007e0000000, 0x0000000800000000)
  region size 1024K, 9 young (9216K), 9 survivors (9216K)
 Metaspace       used 35255K, committed 36480K, reserved 393216K
  class space    used 5028K, committed 5632K, reserved 327680K
}
Event: 12.472 GC heap before
{Heap before GC invocations=7 (full 0):
 garbage-first heap   total 262144K, used 38864K [0x00000007e0000000, 0x0000000800000000)
  region size 1024K, 11 young (11264K), 9 survivors (9216K)
 Metaspace       used 35516K, committed 36800K, reserved 393216K
  class space    used 5035K, committed 5696K, reserved 327680K
}
Event: 12.487 GC heap after
{Heap after GC invocations=8 (full 0):
 garbage-first heap   total 262144K, used 34697K [0x00000007e0000000, 0x0000000800000000)
  region size 1024K, 9 young (9216K), 9 survivors (9216K)
 Metaspace       used 35516K, committed 36800K, reserved 393216K
  class space    used 5035K, committed 5696K, reserved 327680K
}
Event: 17.565 GC heap before
{Heap before GC invocations=9 (full 0):
 garbage-first heap   total 262144K, used 183177K [0x00000007e0000000, 0x0000000800000000)
  region size 1024K, 153 young (156672K), 9 survivors (9216K)
 Metaspace       used 51092K, committed 52864K, reserved 393216K
  class space    used 7364K, committed 8256K, reserved 327680K
}
Event: 17.600 GC heap after
{Heap after GC invocations=10 (full 0):
 garbage-first heap   total 262144K, used 41936K [0x00000007e0000000, 0x0000000800000000)
  region size 1024K, 18 young (18432K), 18 survivors (18432K)
 Metaspace       used 51092K, committed 52864K, reserved 393216K
  class space    used 7364K, committed 8256K, reserved 327680K
}
Event: 22.356 GC heap before
{Heap before GC invocations=10 (full 0):
 garbage-first heap   total 262144K, used 179152K [0x00000007e0000000, 0x0000000800000000)
  region size 1024K, 153 young (156672K), 18 survivors (18432K)
 Metaspace       used 59788K, committed 61824K, reserved 393216K
  class space    used 8595K, committed 9600K, reserved 327680K
}
Event: 22.410 GC heap after
{Heap after GC invocations=11 (full 0):
 garbage-first heap   total 262144K, used 53229K [0x00000007e0000000, 0x0000000800000000)
  region size 1024K, 20 young (20480K), 20 survivors (20480K)
 Metaspace       used 59788K, committed 61824K, reserved 393216K
  class space    used 8595K, committed 9600K, reserved 327680K
}
Event: 22.622 GC heap before
{Heap before GC invocations=11 (full 0):
 garbage-first heap   total 262144K, used 61421K [0x00000007e0000000, 0x0000000800000000)
  region size 1024K, 29 young (29696K), 20 survivors (20480K)
 Metaspace       used 60068K, committed 62080K, reserved 393216K
  class space    used 8630K, committed 9600K, reserved 327680K
}
Event: 22.661 GC heap after
{Heap after GC invocations=12 (full 0):
 garbage-first heap   total 262144K, used 56832K [0x00000007e0000000, 0x0000000800000000)
  region size 1024K, 2 young (2048K), 2 survivors (2048K)
 Metaspace       used 60068K, committed 62080K, reserved 393216K
  class space    used 8630K, committed 9600K, reserved 327680K
}

